ERC report (2026-07-19T19:59:09, Encoding UTF8)
Report includes: Errors, Warnings

***** Sheet /
[isolated_pin_label]: Label connected to only one pin
    ; warning
    @(436.88 mm, 83.82 mm): Global Label 'S1_SLOT_ID1'
[isolated_pin_label]: Label connected to only one pin
    ; warning
    @(646.43 mm, 64.77 mm): Global Label 'CAP_C5_RAW'
[isolated_pin_label]: Label connected to only one pin
    ; warning
    @(646.43 mm, 67.31 mm): Global Label 'CAP_C6_RAW'
[isolated_pin_label]: Label connected to only one pin
    ; warning
    @(646.43 mm, 69.85 mm): Global Label 'CAP_C7_RAW'
[isolated_pin_label]: Label connected to only one pin
    ; warning
    @(646.43 mm, 72.39 mm): Global Label 'CAP_C8_RAW'
[isolated_pin_label]: Label connected to only one pin
    ; warning
    @(916.94 mm, 52.07 mm): Global Label 'S1_UART3_TX'
[isolated_pin_label]: Label connected to only one pin
    ; warning
    @(916.94 mm, 64.77 mm): Global Label 'S1_UART2_RX'
[isolated_pin_label]: Label connected to only one pin
    ; warning
    @(916.94 mm, 77.47 mm): Global Label 'S1_UART3_RX'
[isolated_pin_label]: Label connected to only one pin
    ; warning
    @(916.94 mm, 90.17 mm): Global Label 'S1_UART2_TX'
[isolated_pin_label]: Label connected to only one pin
    ; warning
    @(1008.38 mm, 54.61 mm): Global Label 'REED_B_CLOSED'
[isolated_pin_label]: Label connected to only one pin
    ; warning
    @(1008.38 mm, 57.15 mm): Global Label 'REED_B_OPEN'
[isolated_pin_label]: Label connected to only one pin
    ; warning
    @(1023.62 mm, 87.63 mm): Global Label 'REED_B_IN_PLACE'

 ** ERC messages: 12  Errors 0  Warnings 12

 ** Ignored checks:
    - Global label only appears once in the schematic
    - Four connection points are joined together
    - SPICE model issue
    - Assigned footprint doesn't match footprint filters
