ERC report (2026-07-21T23:52:31, Encoding UTF8)
Report includes: Errors, Warnings

***** Sheet /
[isolated_pin_label]: Label connected to only one pin
    ; warning
    @(78.74 mm, 115.57 mm): Global Label 'RF_LEARN_BUTTON_GPIO9'
[isolated_pin_label]: Label connected to only one pin
    ; warning
    @(78.74 mm, 185.42 mm): Global Label 'S1_SLOT_ID1'

***** Sheet /POWER/

***** Sheet /CHANNEL 1/

***** Sheet /CHANNEL 5/

***** Sheet /OTHER / MECHANICAL/

***** Sheet /CONTROL / CAN/

***** Sheet /CHANNEL 2/

***** Sheet /CHANNEL 6/

***** Sheet /CAP1188/

***** Sheet /CHANNEL 3/

***** Sheet /CHANNEL 7/

***** Sheet /REEDS/

***** Sheet /CHANNEL 4/

***** Sheet /CHANNEL 8/

 ** ERC messages: 2  Errors 0  Warnings 2

 ** Ignored checks:
    - Global label only appears once in the schematic
    - Four connection points are joined together
    - SPICE model issue
    - Assigned footprint doesn't match footprint filters
